[19:31:36] [ServerMain/INFO]: [bootstrap] Running Java 25 (OpenJDK 64-Bit Server VM 25.0.3+9-2-24.04.2-Ubuntu; Ubuntu null) on Linux 6.8.0-1052-azure (amd64)
[19:31:36] [ServerMain/INFO]: [bootstrap] Loading Paper 26.1.2-60-main@b4682bf (2026-05-04T06:25:04Z) for Minecraft 26.1.2
[19:31:36] [ServerMain/INFO]: [PluginInitializerManager] Initializing plugins...
[19:31:36] [ServerMain/INFO]: [PluginInitializerManager] Initialized 0 plugins
[19:31:41] [ServerMain/INFO]: Environment: Environment[sessionHost=https://sessionserver.mojang.com, servicesHost=https://api.minecraftservices.com, profilesHost=https://api.mojang.com, name=PROD]
[19:31:41] [ServerMain/INFO]: Found new data pack file/bukkit, loading it automatically
[19:31:41] [ServerMain/INFO]: Found new data pack paper, loading it automatically
[19:31:42] [Worker-Main-1/INFO]: No existing world data, creating new world
[19:31:43] [ServerMain/INFO]: Loaded 1515 recipes
[19:31:43] [ServerMain/INFO]: Loaded 1617 advancements
[19:31:43] [ServerMain/INFO]: [ca.spottedleaf.dataconverter.minecraft.datatypes.MCTypeRegistry] Initialising converters for DataConverter...
[19:31:43] [ServerMain/INFO]: [ca.spottedleaf.dataconverter.minecraft.datatypes.MCTypeRegistry] Finished initialising converters for DataConverter in 393.3ms
[19:31:43] [Server thread/INFO]: Starting minecraft server version 26.1.2
[19:31:43] [Server thread/INFO]: Loading properties
[19:31:43] [Server thread/INFO]: This server is running Paper version 26.1.2-60-main@b4682bf (2026-05-04T06:25:04Z) (Implementing API version 26.1.2.build.60-stable)
[19:31:44] [Server thread/INFO]: [spark] This server bundles the spark profiler. For more information please visit https://docs.papermc.io/paper/profiling
[19:31:45] [Server thread/INFO]: Server Ping Player Sample Count: 12
[19:31:45] [Server thread/INFO]: Using 4 threads for Netty based IO
[19:31:45] [Server thread/INFO]: [MoonriseCommon] Paper is using 1 worker threads, 1 I/O threads
[19:31:46] [Server thread/INFO]: Default game type: SURVIVAL
[19:31:46] [Server thread/INFO]: Generating keypair
[19:31:46] [Server thread/INFO]: Starting Minecraft server on *:25565
[19:31:46] [Server thread/INFO]: Paper: Using libdeflate (Linux x86_64) compression from Velocity.
[19:31:46] [Server thread/INFO]: Paper: Using OpenSSL 3.x.x (Linux x86_64) cipher from Velocity.
[19:31:46] [Server thread/WARN]: **** SERVER IS RUNNING IN OFFLINE/INSECURE MODE!
[19:31:46] [Server thread/WARN]: The server will make no attempt to authenticate usernames. Beware.
[19:31:46] [Server thread/WARN]: While this makes the game possible to play without internet access, it also opens up the ability for hackers to connect with any username they choose.
[19:31:46] [Server thread/WARN]: To change this, set "online-mode" to "true" in the server.properties file.
[19:31:46] [Server thread/INFO]: Preparing level "world"
[19:31:46] [Server thread/INFO]: Selecting spawn point for level 'minecraft:overworld'...
[19:31:56] [Server thread/INFO]: Selecting spawn point for level 'minecraft:the_nether'...
[19:31:57] [Server thread/INFO]: Selecting spawn point for level 'minecraft:the_end'...
[19:31:57] [Server thread/INFO]: Loading 0 persistent chunks for level 'minecraft:overworld'...
[19:31:57] [Server thread/INFO]: Preparing spawn area: 100%
[19:31:57] [Server thread/INFO]: Prepared spawn area in 10743 ms
[19:31:57] [Server thread/INFO]: Loading 0 persistent chunks for level 'minecraft:the_nether'...
[19:31:57] [Server thread/INFO]: Preparing spawn area: 100%
[19:31:57] [Server thread/INFO]: Prepared spawn area in 1420 ms
[19:31:57] [Server thread/INFO]: Loading 0 persistent chunks for level 'minecraft:the_end'...
[19:31:57] [Server thread/INFO]: Preparing spawn area: 100%
[19:31:57] [Server thread/INFO]: Prepared spawn area in 386 ms
[19:31:57] [Server thread/INFO]: Done preparing level "world" (11.237s)
[19:31:57] [Server thread/INFO]: [spark] Starting background profiler...
[19:31:58] [Server thread/INFO]: Saving chunks for level 'ServerLevel[world]'/minecraft:overworld
[19:31:58] [Server thread/INFO]: Saving chunks for level 'ServerLevel[world]'/minecraft:the_nether
[19:31:58] [Server thread/INFO]: Saving chunks for level 'ServerLevel[world]'/minecraft:the_end
[19:31:58] [Server thread/INFO]: ThreadedAnvilChunkStorage (world): All chunks are saved
[19:31:58] [Server thread/INFO]: ThreadedAnvilChunkStorage (DIM-1): All chunks are saved
[19:31:58] [Server thread/INFO]: ThreadedAnvilChunkStorage (DIM1): All chunks are saved
[19:31:58] [Server thread/INFO]: ThreadedAnvilChunkStorage: All dimensions are saved
[19:31:58] [Server thread/INFO]: Running delayed init tasks
[19:31:58] [Server thread/INFO]: Done (23.606s)! For help, type "help"
[19:31:58] [Server thread/INFO]: *************************************************************************************
[19:31:58] [Server thread/INFO]: This is the first time you're starting this server.
[19:31:58] [Server thread/INFO]: It's recommended you read our 'Getting Started' documentation for guidance.
[19:31:58] [Server thread/INFO]: View this and more helpful information here: https://docs.papermc.io/paper/next-steps
[19:31:58] [Server thread/INFO]: *************************************************************************************
[19:31:58] [Paper Async Task Handler Thread - 1/INFO]: *** Currently you are 12 build(s) behind ***
[19:31:58] [Paper Async Task Handler Thread - 1/INFO]: *** It is highly recommended to download the latest build from https://papermc.io/downloads/paper ***
[19:33:52] [Server thread/INFO]: Unknown or incomplete command. See below for error
x<--[HERE]
[19:35:06] [Server thread/INFO]: Unknown or incomplete command. See below for error
ip<--[HERE]
[19:35:10] [Server thread/INFO]: Unknown or incomplete command. See below for error
i<--[HERE]
